AndroidCaptchaSolver/app/build/intermediates/manifest_merge_blame_file/debug/manifest-merger-blame-debug-report.txt
1<?xml version="1.0" encoding="utf-8"?>
2<manifest xmlns:android="http://schemas.android.com/apk/res/android"
3    package="com.captchasolver"
4    android:versionCode="1"
5    android:versionName="1.0" >
6
7    <uses-sdk
8        android:minSdkVersion="21"
8-->src/main/AndroidManifest.xml
9        android:targetSdkVersion="33" />
9-->src/main/AndroidManifest.xml
10
11    <!-- 必要权限 -->
12    <uses-permission android:name="android.permission.SYSTEM_ALERT_WINDOW" />
12-->src/main/AndroidManifest.xml:6:5-78
12-->src/main/AndroidManifest.xml:6:22-75
13    <uses-permission android:name="android.permission.RECORD_AUDIO" />
13-->src/main/AndroidManifest.xml:7:5-71
13-->src/main/AndroidManifest.xml:7:22-68
14    <uses-permission android:name="android.permission.WRITE_EXTERNAL_STORAGE" />
14-->src/main/AndroidManifest.xml:8:5-81
14-->src/main/AndroidManifest.xml:8:22-78
15    <uses-permission android:name="android.permission.READ_EXTERNAL_STORAGE" />
15-->src/main/AndroidManifest.xml:9:5-80
15-->src/main/AndroidManifest.xml:9:22-77
16    <uses-permission android:name="android.permission.INTERNET" />
16-->src/main/AndroidManifest.xml:10:5-67
16-->src/main/AndroidManifest.xml:10:22-64
17    <uses-permission android:name="android.permission.ACCESS_NETWORK_STATE" />
17-->src/main/AndroidManifest.xml:11:5-79
17-->src/main/AndroidManifest.xml:11:22-76
18
19    <!-- 屏幕录制权限 -->
20    <uses-permission android:name="android.permission.FOREGROUND_SERVICE" />
20-->src/main/AndroidManifest.xml:14:5-77
20-->src/main/AndroidManifest.xml:14:22-74
21
22    <!-- 无障碍服务权限 -->
23    <uses-permission android:name="android.permission.BIND_ACCESSIBILITY_SERVICE" />
23-->src/main/AndroidManifest.xml:17:5-85
23-->src/main/AndroidManifest.xml:17:22-82
24
25    <application
25-->src/main/AndroidManifest.xml:19:5-49:19
26        android:allowBackup="true"
26-->src/main/AndroidManifest.xml:20:9-35
27        android:debuggable="true"
28        android:icon="@mipmap/ic_launcher"
28-->src/main/AndroidManifest.xml:21:9-43
29        android:label="@string/app_name"
29-->src/main/AndroidManifest.xml:22:9-41
30        android:theme="@style/AppTheme" >
30-->src/main/AndroidManifest.xml:23:9-40
31
32        <!-- 主活动 -->
33        <activity
33-->src/main/AndroidManifest.xml:26:9-34:20
34            android:name="com.captchasolver.SimpleMainActivity"
34-->src/main/AndroidManifest.xml:27:13-47
35            android:exported="true"
35-->src/main/AndroidManifest.xml:28:13-36
36            android:launchMode="singleTop" >
36-->src/main/AndroidManifest.xml:29:13-43
37            <intent-filter>
37-->src/main/AndroidManifest.xml:30:13-33:29
38                <action android:name="android.intent.action.MAIN" />
38-->src/main/AndroidManifest.xml:31:17-69
38-->src/main/AndroidManifest.xml:31:25-66
39
40                <category android:name="android.intent.category.LAUNCHER" />
40-->src/main/AndroidManifest.xml:32:17-77
40-->src/main/AndroidManifest.xml:32:27-74
41            </intent-filter>
42        </activity>
43
44        <!-- 验证码识别服务 -->
45        <service
45-->src/main/AndroidManifest.xml:37:9-47:19
46            android:name="com.captchasolver.CaptchaService"
46-->src/main/AndroidManifest.xml:38:13-43
47            android:exported="false"
47-->src/main/AndroidManifest.xml:39:13-37
48            android:permission="android.permission.BIND_ACCESSIBILITY_SERVICE" >
48-->src/main/AndroidManifest.xml:40:13-79
49            <intent-filter>
49-->src/main/AndroidManifest.xml:41:13-43:29
50                <action android:name="android.accessibilityservice.AccessibilityService" />
50-->src/main/AndroidManifest.xml:42:17-92
50-->src/main/AndroidManifest.xml:42:25-89
51            </intent-filter>
52
53            <meta-data
53-->src/main/AndroidManifest.xml:44:13-46:72
54                android:name="android.accessibilityservice"
54-->src/main/AndroidManifest.xml:45:17-60
55                android:resource="@xml/accessibility_service_config" />
55-->src/main/AndroidManifest.xml:46:17-69
56        </service>
57    </application>
58
59</manifest>